<?xml version="1.0" encoding="UTF-8"?>
<!-- Generated by org.testng.reporters.JUnitReportReporter -->
<testsuite skipped="0" hostname="den01cpm" name="tests.GetRequests" tests="1" failures="0" timestamp="2019-11-04T06:21:28 MST" time="0.858" errors="0">
  <testcase name="postContent" time="0.858" classname="tests.GetRequests"/>
</testsuite> <!-- tests.GetRequests -->
