<?xml version="1.0" encoding="UTF-8"?>
<!-- Generated by org.testng.reporters.JUnitReportReporter -->
<testsuite skipped="0" hostname="den01cpm" name="tests.GetRequests" tests="1" failures="0" timestamp="2019-11-28T10:00:47 MST" time="3.115" errors="0">
  <testcase name="postContent" time="3.115" classname="tests.GetRequests"/>
</testsuite> <!-- tests.GetRequests -->
