<?xml version="1.0" encoding="UTF-8"?>
<!-- Generated by org.testng.reporters.JUnitReportReporter -->
<testsuite skipped="0" hostname="den01cpm" name="tests.POSTMediaAttachments" tests="1" failures="0" timestamp="2019-11-11T04:00:40 MST" time="1.686" errors="0">
  <testcase name="postContentImport" time="1.686" classname="tests.POSTMediaAttachments"/>
</testsuite> <!-- tests.POSTMediaAttachments -->
